2025-08-29 17:23:19 [ERROR]: TypeError: Cannot read properties of undefined (reading 'remoteAddress')
    at logSecurityEvent (D:\projekt-root\utils\logger.js:89:34)
    at origin (D:\projekt-root\server.js:124:7)
    at D:\projekt-root\node_modules\cors\lib\index.js:219:13
    at optionsCallback (D:\projekt-root\node_modules\cors\lib\index.js:199:9)
    at corsMiddleware (D:\projekt-root\node_modules\cors\lib\index.js:204:7)
    at Layer.handleRequest (D:\projekt-root\node_modules\router\lib\layer.js:152:17)
    at trimPrefix (D:\projekt-root\node_modules\router\index.js:342:13)
    at D:\projekt-root\node_modules\router\index.js:297:9
    at processParams (D:\projekt-root\node_modules\router\index.js:582:12)
    at next (D:\projekt-root\node_modules\router\index.js:291:5)
2025-08-29 17:23:25 [ERROR]: TypeError: Cannot read properties of undefined (reading 'remoteAddress')
    at logSecurityEvent (D:\projekt-root\utils\logger.js:89:34)
    at origin (D:\projekt-root\server.js:124:7)
    at D:\projekt-root\node_modules\cors\lib\index.js:219:13
    at optionsCallback (D:\projekt-root\node_modules\cors\lib\index.js:199:9)
    at corsMiddleware (D:\projekt-root\node_modules\cors\lib\index.js:204:7)
    at Layer.handleRequest (D:\projekt-root\node_modules\router\lib\layer.js:152:17)
    at trimPrefix (D:\projekt-root\node_modules\router\index.js:342:13)
    at D:\projekt-root\node_modules\router\index.js:297:9
    at processParams (D:\projekt-root\node_modules\router\index.js:582:12)
    at next (D:\projekt-root\node_modules\router\index.js:291:5)
2025-08-29 17:23:36 [ERROR]: TypeError: Cannot read properties of undefined (reading 'remoteAddress')
    at logSecurityEvent (D:\projekt-root\utils\logger.js:89:34)
    at origin (D:\projekt-root\server.js:124:7)
    at D:\projekt-root\node_modules\cors\lib\index.js:219:13
    at optionsCallback (D:\projekt-root\node_modules\cors\lib\index.js:199:9)
    at corsMiddleware (D:\projekt-root\node_modules\cors\lib\index.js:204:7)
    at Layer.handleRequest (D:\projekt-root\node_modules\router\lib\layer.js:152:17)
    at trimPrefix (D:\projekt-root\node_modules\router\index.js:342:13)
    at D:\projekt-root\node_modules\router\index.js:297:9
    at processParams (D:\projekt-root\node_modules\router\index.js:582:12)
    at next (D:\projekt-root\node_modules\router\index.js:291:5)
2025-08-29 17:24:56 [ERROR]: TypeError: Cannot read properties of undefined (reading 'remoteAddress')
    at logSecurityEvent (D:\projekt-root\utils\logger.js:89:34)
    at origin (D:\projekt-root\server.js:124:7)
    at D:\projekt-root\node_modules\cors\lib\index.js:219:13
    at optionsCallback (D:\projekt-root\node_modules\cors\lib\index.js:199:9)
    at corsMiddleware (D:\projekt-root\node_modules\cors\lib\index.js:204:7)
    at Layer.handleRequest (D:\projekt-root\node_modules\router\lib\layer.js:152:17)
    at trimPrefix (D:\projekt-root\node_modules\router\index.js:342:13)
    at D:\projekt-root\node_modules\router\index.js:297:9
    at processParams (D:\projekt-root\node_modules\router\index.js:582:12)
    at next (D:\projekt-root\node_modules\router\index.js:291:5)
2025-08-29 17:26:15 [ERROR]: TypeError: Cannot read properties of undefined (reading 'remoteAddress')
    at logSecurityEvent (D:\projekt-root\utils\logger.js:89:34)
    at origin (D:\projekt-root\server.js:124:7)
    at D:\projekt-root\node_modules\cors\lib\index.js:219:13
    at optionsCallback (D:\projekt-root\node_modules\cors\lib\index.js:199:9)
    at corsMiddleware (D:\projekt-root\node_modules\cors\lib\index.js:204:7)
    at Layer.handleRequest (D:\projekt-root\node_modules\router\lib\layer.js:152:17)
    at trimPrefix (D:\projekt-root\node_modules\router\index.js:342:13)
    at D:\projekt-root\node_modules\router\index.js:297:9
    at processParams (D:\projekt-root\node_modules\router\index.js:582:12)
    at next (D:\projekt-root\node_modules\router\index.js:291:5)
2025-08-29 17:26:15 [ERROR]: TypeError: Cannot read properties of undefined (reading 'remoteAddress')
    at logSecurityEvent (D:\projekt-root\utils\logger.js:89:34)
    at origin (D:\projekt-root\server.js:124:7)
    at D:\projekt-root\node_modules\cors\lib\index.js:219:13
    at optionsCallback (D:\projekt-root\node_modules\cors\lib\index.js:199:9)
    at corsMiddleware (D:\projekt-root\node_modules\cors\lib\index.js:204:7)
    at Layer.handleRequest (D:\projekt-root\node_modules\router\lib\layer.js:152:17)
    at trimPrefix (D:\projekt-root\node_modules\router\index.js:342:13)
    at D:\projekt-root\node_modules\router\index.js:297:9
    at processParams (D:\projekt-root\node_modules\router\index.js:582:12)
    at next (D:\projekt-root\node_modules\router\index.js:291:5)
2025-08-29 17:26:16 [ERROR]: TypeError: Cannot read properties of undefined (reading 'remoteAddress')
    at logSecurityEvent (D:\projekt-root\utils\logger.js:89:34)
    at origin (D:\projekt-root\server.js:124:7)
    at D:\projekt-root\node_modules\cors\lib\index.js:219:13
    at optionsCallback (D:\projekt-root\node_modules\cors\lib\index.js:199:9)
    at corsMiddleware (D:\projekt-root\node_modules\cors\lib\index.js:204:7)
    at Layer.handleRequest (D:\projekt-root\node_modules\router\lib\layer.js:152:17)
    at trimPrefix (D:\projekt-root\node_modules\router\index.js:342:13)
    at D:\projekt-root\node_modules\router\index.js:297:9
    at processParams (D:\projekt-root\node_modules\router\index.js:582:12)
    at next (D:\projekt-root\node_modules\router\index.js:291:5)
2025-08-29 17:26:16 [ERROR]: TypeError: Cannot read properties of undefined (reading 'remoteAddress')
    at logSecurityEvent (D:\projekt-root\utils\logger.js:89:34)
    at origin (D:\projekt-root\server.js:124:7)
    at D:\projekt-root\node_modules\cors\lib\index.js:219:13
    at optionsCallback (D:\projekt-root\node_modules\cors\lib\index.js:199:9)
    at corsMiddleware (D:\projekt-root\node_modules\cors\lib\index.js:204:7)
    at Layer.handleRequest (D:\projekt-root\node_modules\router\lib\layer.js:152:17)
    at trimPrefix (D:\projekt-root\node_modules\router\index.js:342:13)
    at D:\projekt-root\node_modules\router\index.js:297:9
    at processParams (D:\projekt-root\node_modules\router\index.js:582:12)
    at next (D:\projekt-root\node_modules\router\index.js:291:5)
2025-08-29 17:28:08 [ERROR]: TypeError: Cannot read properties of undefined (reading 'remoteAddress')
    at logSecurityEvent (D:\projekt-root\utils\logger.js:89:34)
    at origin (D:\projekt-root\server.js:124:7)
    at D:\projekt-root\node_modules\cors\lib\index.js:219:13
    at optionsCallback (D:\projekt-root\node_modules\cors\lib\index.js:199:9)
    at corsMiddleware (D:\projekt-root\node_modules\cors\lib\index.js:204:7)
    at Layer.handleRequest (D:\projekt-root\node_modules\router\lib\layer.js:152:17)
    at trimPrefix (D:\projekt-root\node_modules\router\index.js:342:13)
    at D:\projekt-root\node_modules\router\index.js:297:9
    at processParams (D:\projekt-root\node_modules\router\index.js:582:12)
    at next (D:\projekt-root\node_modules\router\index.js:291:5)
2025-08-29 17:28:08 [ERROR]: TypeError: Cannot read properties of undefined (reading 'remoteAddress')
    at logSecurityEvent (D:\projekt-root\utils\logger.js:89:34)
    at origin (D:\projekt-root\server.js:124:7)
    at D:\projekt-root\node_modules\cors\lib\index.js:219:13
    at optionsCallback (D:\projekt-root\node_modules\cors\lib\index.js:199:9)
    at corsMiddleware (D:\projekt-root\node_modules\cors\lib\index.js:204:7)
    at Layer.handleRequest (D:\projekt-root\node_modules\router\lib\layer.js:152:17)
    at trimPrefix (D:\projekt-root\node_modules\router\index.js:342:13)
    at D:\projekt-root\node_modules\router\index.js:297:9
    at processParams (D:\projekt-root\node_modules\router\index.js:582:12)
    at next (D:\projekt-root\node_modules\router\index.js:291:5)
2025-08-29 17:28:09 [ERROR]: TypeError: Cannot read properties of undefined (reading 'remoteAddress')
    at logSecurityEvent (D:\projekt-root\utils\logger.js:89:34)
    at origin (D:\projekt-root\server.js:124:7)
    at D:\projekt-root\node_modules\cors\lib\index.js:219:13
    at optionsCallback (D:\projekt-root\node_modules\cors\lib\index.js:199:9)
    at corsMiddleware (D:\projekt-root\node_modules\cors\lib\index.js:204:7)
    at Layer.handleRequest (D:\projekt-root\node_modules\router\lib\layer.js:152:17)
    at trimPrefix (D:\projekt-root\node_modules\router\index.js:342:13)
    at D:\projekt-root\node_modules\router\index.js:297:9
    at processParams (D:\projekt-root\node_modules\router\index.js:582:12)
    at next (D:\projekt-root\node_modules\router\index.js:291:5)
2025-08-29 17:28:09 [ERROR]: TypeError: Cannot read properties of undefined (reading 'remoteAddress')
    at logSecurityEvent (D:\projekt-root\utils\logger.js:89:34)
    at origin (D:\projekt-root\server.js:124:7)
    at D:\projekt-root\node_modules\cors\lib\index.js:219:13
    at optionsCallback (D:\projekt-root\node_modules\cors\lib\index.js:199:9)
    at corsMiddleware (D:\projekt-root\node_modules\cors\lib\index.js:204:7)
    at Layer.handleRequest (D:\projekt-root\node_modules\router\lib\layer.js:152:17)
    at trimPrefix (D:\projekt-root\node_modules\router\index.js:342:13)
    at D:\projekt-root\node_modules\router\index.js:297:9
    at processParams (D:\projekt-root\node_modules\router\index.js:582:12)
    at next (D:\projekt-root\node_modules\router\index.js:291:5)
2025-08-29 17:28:12 [ERROR]: TypeError: Cannot read properties of undefined (reading 'remoteAddress')
    at logSecurityEvent (D:\projekt-root\utils\logger.js:89:34)
    at origin (D:\projekt-root\server.js:124:7)
    at D:\projekt-root\node_modules\cors\lib\index.js:219:13
    at optionsCallback (D:\projekt-root\node_modules\cors\lib\index.js:199:9)
    at corsMiddleware (D:\projekt-root\node_modules\cors\lib\index.js:204:7)
    at Layer.handleRequest (D:\projekt-root\node_modules\router\lib\layer.js:152:17)
    at trimPrefix (D:\projekt-root\node_modules\router\index.js:342:13)
    at D:\projekt-root\node_modules\router\index.js:297:9
    at processParams (D:\projekt-root\node_modules\router\index.js:582:12)
    at next (D:\projekt-root\node_modules\router\index.js:291:5)
2025-08-29 17:28:12 [ERROR]: TypeError: Cannot read properties of undefined (reading 'remoteAddress')
    at logSecurityEvent (D:\projekt-root\utils\logger.js:89:34)
    at origin (D:\projekt-root\server.js:124:7)
    at D:\projekt-root\node_modules\cors\lib\index.js:219:13
    at optionsCallback (D:\projekt-root\node_modules\cors\lib\index.js:199:9)
    at corsMiddleware (D:\projekt-root\node_modules\cors\lib\index.js:204:7)
    at Layer.handleRequest (D:\projekt-root\node_modules\router\lib\layer.js:152:17)
    at trimPrefix (D:\projekt-root\node_modules\router\index.js:342:13)
    at D:\projekt-root\node_modules\router\index.js:297:9
    at processParams (D:\projekt-root\node_modules\router\index.js:582:12)
    at next (D:\projekt-root\node_modules\router\index.js:291:5)
2025-08-29 17:28:13 [ERROR]: TypeError: Cannot read properties of undefined (reading 'remoteAddress')
    at logSecurityEvent (D:\projekt-root\utils\logger.js:89:34)
    at origin (D:\projekt-root\server.js:124:7)
    at D:\projekt-root\node_modules\cors\lib\index.js:219:13
    at optionsCallback (D:\projekt-root\node_modules\cors\lib\index.js:199:9)
    at corsMiddleware (D:\projekt-root\node_modules\cors\lib\index.js:204:7)
    at Layer.handleRequest (D:\projekt-root\node_modules\router\lib\layer.js:152:17)
    at trimPrefix (D:\projekt-root\node_modules\router\index.js:342:13)
    at D:\projekt-root\node_modules\router\index.js:297:9
    at processParams (D:\projekt-root\node_modules\router\index.js:582:12)
    at next (D:\projekt-root\node_modules\router\index.js:291:5)
2025-08-29 17:28:13 [ERROR]: TypeError: Cannot read properties of undefined (reading 'remoteAddress')
    at logSecurityEvent (D:\projekt-root\utils\logger.js:89:34)
    at origin (D:\projekt-root\server.js:124:7)
    at D:\projekt-root\node_modules\cors\lib\index.js:219:13
    at optionsCallback (D:\projekt-root\node_modules\cors\lib\index.js:199:9)
    at corsMiddleware (D:\projekt-root\node_modules\cors\lib\index.js:204:7)
    at Layer.handleRequest (D:\projekt-root\node_modules\router\lib\layer.js:152:17)
    at trimPrefix (D:\projekt-root\node_modules\router\index.js:342:13)
    at D:\projekt-root\node_modules\router\index.js:297:9
    at processParams (D:\projekt-root\node_modules\router\index.js:582:12)
    at next (D:\projekt-root\node_modules\router\index.js:291:5)
2025-08-29 17:28:13 [ERROR]: TypeError: Cannot read properties of undefined (reading 'remoteAddress')
    at logSecurityEvent (D:\projekt-root\utils\logger.js:89:34)
    at origin (D:\projekt-root\server.js:124:7)
    at D:\projekt-root\node_modules\cors\lib\index.js:219:13
    at optionsCallback (D:\projekt-root\node_modules\cors\lib\index.js:199:9)
    at corsMiddleware (D:\projekt-root\node_modules\cors\lib\index.js:204:7)
    at Layer.handleRequest (D:\projekt-root\node_modules\router\lib\layer.js:152:17)
    at trimPrefix (D:\projekt-root\node_modules\router\index.js:342:13)
    at D:\projekt-root\node_modules\router\index.js:297:9
    at processParams (D:\projekt-root\node_modules\router\index.js:582:12)
    at next (D:\projekt-root\node_modules\router\index.js:291:5)
2025-08-29 17:28:14 [ERROR]: TypeError: Cannot read properties of undefined (reading 'remoteAddress')
    at logSecurityEvent (D:\projekt-root\utils\logger.js:89:34)
    at origin (D:\projekt-root\server.js:124:7)
    at D:\projekt-root\node_modules\cors\lib\index.js:219:13
    at optionsCallback (D:\projekt-root\node_modules\cors\lib\index.js:199:9)
    at corsMiddleware (D:\projekt-root\node_modules\cors\lib\index.js:204:7)
    at Layer.handleRequest (D:\projekt-root\node_modules\router\lib\layer.js:152:17)
    at trimPrefix (D:\projekt-root\node_modules\router\index.js:342:13)
    at D:\projekt-root\node_modules\router\index.js:297:9
    at processParams (D:\projekt-root\node_modules\router\index.js:582:12)
    at next (D:\projekt-root\node_modules\router\index.js:291:5)
2025-08-29 17:28:14 [ERROR]: TypeError: Cannot read properties of undefined (reading 'remoteAddress')
    at logSecurityEvent (D:\projekt-root\utils\logger.js:89:34)
    at origin (D:\projekt-root\server.js:124:7)
    at D:\projekt-root\node_modules\cors\lib\index.js:219:13
    at optionsCallback (D:\projekt-root\node_modules\cors\lib\index.js:199:9)
    at corsMiddleware (D:\projekt-root\node_modules\cors\lib\index.js:204:7)
    at Layer.handleRequest (D:\projekt-root\node_modules\router\lib\layer.js:152:17)
    at trimPrefix (D:\projekt-root\node_modules\router\index.js:342:13)
    at D:\projekt-root\node_modules\router\index.js:297:9
    at processParams (D:\projekt-root\node_modules\router\index.js:582:12)
    at next (D:\projekt-root\node_modules\router\index.js:291:5)
2025-08-29 17:28:14 [ERROR]: TypeError: Cannot read properties of undefined (reading 'remoteAddress')
    at logSecurityEvent (D:\projekt-root\utils\logger.js:89:34)
    at origin (D:\projekt-root\server.js:124:7)
    at D:\projekt-root\node_modules\cors\lib\index.js:219:13
    at optionsCallback (D:\projekt-root\node_modules\cors\lib\index.js:199:9)
    at corsMiddleware (D:\projekt-root\node_modules\cors\lib\index.js:204:7)
    at Layer.handleRequest (D:\projekt-root\node_modules\router\lib\layer.js:152:17)
    at trimPrefix (D:\projekt-root\node_modules\router\index.js:342:13)
    at D:\projekt-root\node_modules\router\index.js:297:9
    at processParams (D:\projekt-root\node_modules\router\index.js:582:12)
    at next (D:\projekt-root\node_modules\router\index.js:291:5)
2025-08-29 17:28:15 [ERROR]: TypeError: Cannot read properties of undefined (reading 'remoteAddress')
    at logSecurityEvent (D:\projekt-root\utils\logger.js:89:34)
    at origin (D:\projekt-root\server.js:124:7)
    at D:\projekt-root\node_modules\cors\lib\index.js:219:13
    at optionsCallback (D:\projekt-root\node_modules\cors\lib\index.js:199:9)
    at corsMiddleware (D:\projekt-root\node_modules\cors\lib\index.js:204:7)
    at Layer.handleRequest (D:\projekt-root\node_modules\router\lib\layer.js:152:17)
    at trimPrefix (D:\projekt-root\node_modules\router\index.js:342:13)
    at D:\projekt-root\node_modules\router\index.js:297:9
    at processParams (D:\projekt-root\node_modules\router\index.js:582:12)
    at next (D:\projekt-root\node_modules\router\index.js:291:5)
2025-08-29 17:28:15 [ERROR]: TypeError: Cannot read properties of undefined (reading 'remoteAddress')
    at logSecurityEvent (D:\projekt-root\utils\logger.js:89:34)
    at origin (D:\projekt-root\server.js:124:7)
    at D:\projekt-root\node_modules\cors\lib\index.js:219:13
    at optionsCallback (D:\projekt-root\node_modules\cors\lib\index.js:199:9)
    at corsMiddleware (D:\projekt-root\node_modules\cors\lib\index.js:204:7)
    at Layer.handleRequest (D:\projekt-root\node_modules\router\lib\layer.js:152:17)
    at trimPrefix (D:\projekt-root\node_modules\router\index.js:342:13)
    at D:\projekt-root\node_modules\router\index.js:297:9
    at processParams (D:\projekt-root\node_modules\router\index.js:582:12)
    at next (D:\projekt-root\node_modules\router\index.js:291:5)
2025-08-29 17:28:16 [ERROR]: TypeError: Cannot read properties of undefined (reading 'remoteAddress')
    at logSecurityEvent (D:\projekt-root\utils\logger.js:89:34)
    at origin (D:\projekt-root\server.js:124:7)
    at D:\projekt-root\node_modules\cors\lib\index.js:219:13
    at optionsCallback (D:\projekt-root\node_modules\cors\lib\index.js:199:9)
    at corsMiddleware (D:\projekt-root\node_modules\cors\lib\index.js:204:7)
    at Layer.handleRequest (D:\projekt-root\node_modules\router\lib\layer.js:152:17)
    at trimPrefix (D:\projekt-root\node_modules\router\index.js:342:13)
    at D:\projekt-root\node_modules\router\index.js:297:9
    at processParams (D:\projekt-root\node_modules\router\index.js:582:12)
    at next (D:\projekt-root\node_modules\router\index.js:291:5)
2025-08-29 17:28:16 [ERROR]: TypeError: Cannot read properties of undefined (reading 'remoteAddress')
    at logSecurityEvent (D:\projekt-root\utils\logger.js:89:34)
    at origin (D:\projekt-root\server.js:124:7)
    at D:\projekt-root\node_modules\cors\lib\index.js:219:13
    at optionsCallback (D:\projekt-root\node_modules\cors\lib\index.js:199:9)
    at corsMiddleware (D:\projekt-root\node_modules\cors\lib\index.js:204:7)
    at Layer.handleRequest (D:\projekt-root\node_modules\router\lib\layer.js:152:17)
    at trimPrefix (D:\projekt-root\node_modules\router\index.js:342:13)
    at D:\projekt-root\node_modules\router\index.js:297:9
    at processParams (D:\projekt-root\node_modules\router\index.js:582:12)
    at next (D:\projekt-root\node_modules\router\index.js:291:5)
2025-08-29 17:28:16 [ERROR]: TypeError: Cannot read properties of undefined (reading 'remoteAddress')
    at logSecurityEvent (D:\projekt-root\utils\logger.js:89:34)
    at origin (D:\projekt-root\server.js:124:7)
    at D:\projekt-root\node_modules\cors\lib\index.js:219:13
    at optionsCallback (D:\projekt-root\node_modules\cors\lib\index.js:199:9)
    at corsMiddleware (D:\projekt-root\node_modules\cors\lib\index.js:204:7)
    at Layer.handleRequest (D:\projekt-root\node_modules\router\lib\layer.js:152:17)
    at trimPrefix (D:\projekt-root\node_modules\router\index.js:342:13)
    at D:\projekt-root\node_modules\router\index.js:297:9
    at processParams (D:\projekt-root\node_modules\router\index.js:582:12)
    at next (D:\projekt-root\node_modules\router\index.js:291:5)
2025-08-29 17:28:16 [ERROR]: TypeError: Cannot read properties of undefined (reading 'remoteAddress')
    at logSecurityEvent (D:\projekt-root\utils\logger.js:89:34)
    at origin (D:\projekt-root\server.js:124:7)
    at D:\projekt-root\node_modules\cors\lib\index.js:219:13
    at optionsCallback (D:\projekt-root\node_modules\cors\lib\index.js:199:9)
    at corsMiddleware (D:\projekt-root\node_modules\cors\lib\index.js:204:7)
    at Layer.handleRequest (D:\projekt-root\node_modules\router\lib\layer.js:152:17)
    at trimPrefix (D:\projekt-root\node_modules\router\index.js:342:13)
    at D:\projekt-root\node_modules\router\index.js:297:9
    at processParams (D:\projekt-root\node_modules\router\index.js:582:12)
    at next (D:\projekt-root\node_modules\router\index.js:291:5)
2025-08-29 17:59:27 [ERROR]: Error
    at Query.run (D:\projekt-root\node_modules\sequelize\lib\dialects\postgres\query.js:50:25)
    at D:\projekt-root\node_modules\sequelize\lib\sequelize.js:315:28
    at process.processTicksAndRejections (node:internal/process/task_queues:105:5)
    at async PostgresQueryInterface.insert (D:\projekt-root\node_modules\sequelize\lib\dialects\abstract\query-interface.js:308:21)
    at async model.save (D:\projekt-root\node_modules\sequelize\lib\model.js:2490:35)
    at async Session.create (D:\projekt-root\node_modules\sequelize\lib\model.js:1362:12)
    at async Session.findCreateFind (D:\projekt-root\node_modules\sequelize\lib\model.js:1476:23)
2025-08-29 17:59:31 [ERROR]: Error
    at Query.run (D:\projekt-root\node_modules\sequelize\lib\dialects\postgres\query.js:50:25)
    at D:\projekt-root\node_modules\sequelize\lib\sequelize.js:315:28
    at process.processTicksAndRejections (node:internal/process/task_queues:105:5)
    at async PostgresQueryInterface.insert (D:\projekt-root\node_modules\sequelize\lib\dialects\abstract\query-interface.js:308:21)
    at async model.save (D:\projekt-root\node_modules\sequelize\lib\model.js:2490:35)
    at async Session.create (D:\projekt-root\node_modules\sequelize\lib\model.js:1362:12)
    at async Session.findCreateFind (D:\projekt-root\node_modules\sequelize\lib\model.js:1476:23)
2025-08-29 18:02:15 [ERROR]: Error
    at Query.run (D:\projekt-root\node_modules\sequelize\lib\dialects\postgres\query.js:50:25)
    at D:\projekt-root\node_modules\sequelize\lib\sequelize.js:315:28
    at process.processTicksAndRejections (node:internal/process/task_queues:105:5)
    at async PostgresQueryInterface.insert (D:\projekt-root\node_modules\sequelize\lib\dialects\abstract\query-interface.js:308:21)
    at async model.save (D:\projekt-root\node_modules\sequelize\lib\model.js:2490:35)
    at async Session.create (D:\projekt-root\node_modules\sequelize\lib\model.js:1362:12)
    at async Session.findCreateFind (D:\projekt-root\node_modules\sequelize\lib\model.js:1476:23)
2025-08-29 18:25:05 [ERROR]: Error
    at Query.run (D:\projekt-root\node_modules\sequelize\lib\dialects\postgres\query.js:50:25)
    at D:\projekt-root\node_modules\sequelize\lib\sequelize.js:315:28
    at process.processTicksAndRejections (node:internal/process/task_queues:105:5)
    at async PostgresQueryInterface.insert (D:\projekt-root\node_modules\sequelize\lib\dialects\abstract\query-interface.js:308:21)
    at async model.save (D:\projekt-root\node_modules\sequelize\lib\model.js:2490:35)
    at async Session.create (D:\projekt-root\node_modules\sequelize\lib\model.js:1362:12)
    at async Session.findCreateFind (D:\projekt-root\node_modules\sequelize\lib\model.js:1476:23)
2025-08-29 18:25:49 [ERROR]: Error
    at Query.run (D:\projekt-root\node_modules\sequelize\lib\dialects\postgres\query.js:50:25)
    at D:\projekt-root\node_modules\sequelize\lib\sequelize.js:315:28
    at process.processTicksAndRejections (node:internal/process/task_queues:105:5)
    at async PostgresQueryInterface.insert (D:\projekt-root\node_modules\sequelize\lib\dialects\abstract\query-interface.js:308:21)
    at async model.save (D:\projekt-root\node_modules\sequelize\lib\model.js:2490:35)
    at async Session.create (D:\projekt-root\node_modules\sequelize\lib\model.js:1362:12)
    at async Session.findCreateFind (D:\projekt-root\node_modules\sequelize\lib\model.js:1476:23)
2025-08-29 18:26:35 [ERROR]: Error
    at Query.run (D:\projekt-root\node_modules\sequelize\lib\dialects\postgres\query.js:50:25)
    at D:\projekt-root\node_modules\sequelize\lib\sequelize.js:315:28
    at process.processTicksAndRejections (node:internal/process/task_queues:105:5)
    at async PostgresQueryInterface.insert (D:\projekt-root\node_modules\sequelize\lib\dialects\abstract\query-interface.js:308:21)
    at async model.save (D:\projekt-root\node_modules\sequelize\lib\model.js:2490:35)
    at async Session.create (D:\projekt-root\node_modules\sequelize\lib\model.js:1362:12)
    at async Session.findCreateFind (D:\projekt-root\node_modules\sequelize\lib\model.js:1476:23)
2025-08-29 18:30:52 [ERROR]: Error
    at Query.run (D:\projekt-root\node_modules\sequelize\lib\dialects\postgres\query.js:50:25)
    at D:\projekt-root\node_modules\sequelize\lib\sequelize.js:315:28
    at process.processTicksAndRejections (node:internal/process/task_queues:105:5)
    at async PostgresQueryInterface.insert (D:\projekt-root\node_modules\sequelize\lib\dialects\abstract\query-interface.js:308:21)
    at async model.save (D:\projekt-root\node_modules\sequelize\lib\model.js:2490:35)
    at async Session.create (D:\projekt-root\node_modules\sequelize\lib\model.js:1362:12)
    at async Session.findCreateFind (D:\projekt-root\node_modules\sequelize\lib\model.js:1476:23)
